node.exe : Error: 
Cannot find module 
'bcryptjs'
At C:\Program Files\nod
ejs\npx.ps1:29 char:3
+   & $NODE_EXE 
$NPX_CLI_JS $args
+   ~~~~~~~~~~~~~~~~~~~
~~~~~~~~~~
    + CategoryInfo     
         : NotSpecifi  
  ed: (Error: Cannot   
  find module 'bcry    
ptjs':String) [],     
RemoteException
    + FullyQualifiedEr 
   rorId : NativeComm  
  andError
 
Require stack:
- C:\Users\Dell\Desktop
\HOODAL\backend\seed_du
mmy.ts
    at 
Function.<anonymous> (n
ode:internal/modules/cj
s/loader:1401:15)
    at Function.Module.
_resolveFilename.shared
Data.moduleResolveFilen
ameHook.installedValue 
[as _resolveFilename] (
C:\Users\Dell\Desktop\H
OODAL\backend\node_modu
les\@cspotcode\source-m
ap-support\source-map-s
upport.js:811:30)
    at 
defaultResolveImpl (nod
e:internal/modules/cjs/
loader:1057:19)
    at 
resolveForCJSWithHooks 
(node:internal/modules/
cjs/loader:1062:22)
    at Function._load (
node:internal/modules/c
js/loader:1211:37)
    at TracingChannel.t
raceSync (node:diagnost
ics_channel:322:14)
    at wrapModuleLoad (
node:internal/modules/c
js/loader:235:24)
    at Module.require (
node:internal/modules/c
js/loader:1487:12)
    at require (node:in
ternal/modules/helpers:
135:16)
    at 
Object.<anonymous> (C:\
Users\Dell\Desktop\HOOD
AL\backend\seed_dummy.t
s:2:16) {
  code: 
'MODULE_NOT_FOUND',
  requireStack: [ 'C:\\
Users\\Dell\\Desktop\\H
OODAL\\backend\\seed_du
mmy.ts' ]
}
